<?xml version="1.0" encoding="UTF-8"?>
<testsuite name="Add two number on dneonline service" tests="1" skipped="0" failures="0" errors="0" timestamp="2022-02-28T22:35:21" hostname="DESKTOP-N19QEIQ" time="6.803">
  <properties/>
  <testcase name="Add two number" classname="Add two number on dneonline service" time="6.803"/>
  <system-out><![CDATA[]]></system-out>
  <system-err><![CDATA[[Test worker] WARN net.thucydides.core.steps.BaseStepListener - stepStarted: net.thucydides.core.steps.ExecutedStepDescription@5912223
[Test worker] WARN net.thucydides.core.steps.BaseStepListener - stepStarted: net.thucydides.core.steps.ExecutedStepDescription@55f8fc07
[Test worker] WARN net.thucydides.core.steps.BaseStepListener - stepStarted: net.thucydides.core.steps.ExecutedStepDescription@63401afe
[Test worker] WARN net.thucydides.core.steps.BaseStepListener - stepStarted: net.thucydides.core.steps.ExecutedStepDescription@166cce0
[Test worker] WARN net.thucydides.core.steps.BaseStepListener - stepFinished: current outcome:Add two number:When you add two number
| 2 | 4 | [Brandon add numbers [brandon executes a POST on the resource calculator.asmx [POST http://www.dneonline.com/calculator.asmx]]]
[Test worker] WARN net.thucydides.core.steps.BaseStepListener - stepFinished: current outcome:Add two number:When you add two number
| 2 | 4 | [Brandon add numbers [brandon executes a POST on the resource calculator.asmx [POST http://www.dneonline.com/calculator.asmx]]]
[Test worker] WARN net.thucydides.core.steps.BaseStepListener - stepFinished: current outcome:Add two number:When you add two number
| 2 | 4 | [Brandon add numbers [brandon executes a POST on the resource calculator.asmx [POST http://www.dneonline.com/calculator.asmx]]]
[Test worker] WARN net.thucydides.core.steps.BaseStepListener - stepFinished: current outcome:Add two number:When you add two number
| 2 | 4 | [Brandon add numbers [brandon executes a POST on the resource calculator.asmx [POST http://www.dneonline.com/calculator.asmx]]]
[Test worker] WARN net.thucydides.core.steps.BaseStepListener - stepStarted: net.thucydides.core.steps.ExecutedStepDescription@7bda4700
[Test worker] WARN net.thucydides.core.steps.BaseStepListener - stepStarted: net.thucydides.core.steps.ExecutedStepDescription@17bfa1b9
[Test worker] WARN net.thucydides.core.steps.BaseStepListener - stepFinished: current outcome:Add two number:When you add two number
| 2 | 4 | [Brandon add numbers [brandon executes a POST on the resource calculator.asmx [POST http://www.dneonline.com/calculator.asmx]]], Then I should see the response of the service is 200 [Then last response status code is 200]
[Test worker] WARN net.thucydides.core.steps.BaseStepListener - stepFinished: current outcome:Add two number:When you add two number
| 2 | 4 | [Brandon add numbers [brandon executes a POST on the resource calculator.asmx [POST http://www.dneonline.com/calculator.asmx]]], Then I should see the response of the service is 200 [Then last response status code is 200]
[Test worker] WARN net.thucydides.core.steps.BaseStepListener - testFinished: Add two number:When you add two number
| 2 | 4 | [Brandon add numbers [brandon executes a POST on the resource calculator.asmx [POST http://www.dneonline.com/calculator.asmx]]], Then I should see the response of the service is 200 [Then last response status code is 200]
[Test worker] WARN net.thucydides.core.steps.BaseStepListener - TestOutcomes: [Add two number:When you add two number
| 2 | 4 | [Brandon add numbers [brandon executes a POST on the resource calculator.asmx [POST http://www.dneonline.com/calculator.asmx]]], Then I should see the response of the service is 200 [Then last response status code is 200]]
[Test worker] WARN net.thucydides.core.steps.BaseStepListener - Final testOutcomes: [Add two number:When you add two number
| 2 | 4 | [Brandon add numbers [brandon executes a POST on the resource calculator.asmx [POST http://www.dneonline.com/calculator.asmx]]], Then I should see the response of the service is 200 [Then last response status code is 200]]
[Test worker] INFO net.thucydides.core.steps.ConsoleLoggingListener - 
        __    _____ _____ ____ _____   ____   _    ____  ____  _____ ____  
  _     \ \  |_   _| ____/ ___|_   _| |  _ \ / \  / ___|/ ___|| ____|  _ \ 
 (_)_____| |   | | |  _| \___ \ | |   | |_) / _ \ \___ \\___ \|  _| | | | |
  _|_____| |   | | | |___ ___) || |   |  __/ ___ \ ___) |___) | |___| |_| |
 (_)     | |   |_| |_____|____/ |_|   |_| /_/   \_\____/|____/|_____|____/ 
        /_/                                                                

TEST PASSED: Add two number
----------------------------------------------------------------------------
]]></system-err>
</testsuite>
